mode: set
github.com/maslow123/pos/pkg/services/pos.go:13.106,14.21 1 1
github.com/maslow123/pos/pkg/services/pos.go:17.2,17.20 1 1
github.com/maslow123/pos/pkg/services/pos.go:20.2,20.36 1 1
github.com/maslow123/pos/pkg/services/pos.go:23.2,23.21 1 1
github.com/maslow123/pos/pkg/services/pos.go:27.2,43.16 5 1
github.com/maslow123/pos/pkg/services/pos.go:48.2,54.18 2 1
github.com/maslow123/pos/pkg/services/pos.go:14.21,16.3 1 1
github.com/maslow123/pos/pkg/services/pos.go:17.20,19.3 1 1
github.com/maslow123/pos/pkg/services/pos.go:20.36,22.3 1 1
github.com/maslow123/pos/pkg/services/pos.go:23.21,25.3 1 1
github.com/maslow123/pos/pkg/services/pos.go:43.16,46.3 2 0
github.com/maslow123/pos/pkg/services/pos.go:57.111,58.21 1 1
github.com/maslow123/pos/pkg/services/pos.go:61.2,61.20 1 1
github.com/maslow123/pos/pkg/services/pos.go:64.2,64.19 1 1
github.com/maslow123/pos/pkg/services/pos.go:68.2,78.16 4 1
github.com/maslow123/pos/pkg/services/pos.go:85.2,89.18 3 1
github.com/maslow123/pos/pkg/services/pos.go:105.2,105.37 1 1
github.com/maslow123/pos/pkg/services/pos.go:109.2,109.35 1 1
github.com/maslow123/pos/pkg/services/pos.go:113.2,113.19 1 1
github.com/maslow123/pos/pkg/services/pos.go:117.2,124.18 2 1
github.com/maslow123/pos/pkg/services/pos.go:58.21,60.3 1 1
github.com/maslow123/pos/pkg/services/pos.go:61.20,63.3 1 1
github.com/maslow123/pos/pkg/services/pos.go:64.19,66.3 1 1
github.com/maslow123/pos/pkg/services/pos.go:78.16,80.27 2 0
github.com/maslow123/pos/pkg/services/pos.go:83.3,83.83 1 0
github.com/maslow123/pos/pkg/services/pos.go:80.27,82.4 1 0
github.com/maslow123/pos/pkg/services/pos.go:89.18,97.17 2 1
github.com/maslow123/pos/pkg/services/pos.go:102.3,102.24 1 1
github.com/maslow123/pos/pkg/services/pos.go:97.17,100.4 2 0
github.com/maslow123/pos/pkg/services/pos.go:105.37,107.3 1 0
github.com/maslow123/pos/pkg/services/pos.go:109.35,111.3 1 0
github.com/maslow123/pos/pkg/services/pos.go:113.19,115.3 1 1
github.com/maslow123/pos/pkg/services/pos.go:127.106,128.17 1 1
github.com/maslow123/pos/pkg/services/pos.go:131.2,150.16 6 1
github.com/maslow123/pos/pkg/services/pos.go:158.2,166.18 4 1
github.com/maslow123/pos/pkg/services/pos.go:128.17,130.3 1 1
github.com/maslow123/pos/pkg/services/pos.go:150.16,152.27 2 1
github.com/maslow123/pos/pkg/services/pos.go:155.3,155.79 1 0
github.com/maslow123/pos/pkg/services/pos.go:152.27,154.4 1 1
github.com/maslow123/pos/pkg/services/pos.go:169.112,170.17 1 1
github.com/maslow123/pos/pkg/services/pos.go:173.2,173.20 1 1
github.com/maslow123/pos/pkg/services/pos.go:176.2,176.21 1 1
github.com/maslow123/pos/pkg/services/pos.go:180.2,204.16 6 1
github.com/maslow123/pos/pkg/services/pos.go:212.2,221.18 4 1
github.com/maslow123/pos/pkg/services/pos.go:170.17,172.3 1 1
github.com/maslow123/pos/pkg/services/pos.go:173.20,175.3 1 1
github.com/maslow123/pos/pkg/services/pos.go:176.21,178.3 1 1
github.com/maslow123/pos/pkg/services/pos.go:204.16,206.27 2 1
github.com/maslow123/pos/pkg/services/pos.go:209.3,209.85 1 0
github.com/maslow123/pos/pkg/services/pos.go:206.27,208.4 1 1
github.com/maslow123/pos/pkg/services/pos.go:224.112,225.17 1 1
github.com/maslow123/pos/pkg/services/pos.go:229.2,232.16 3 1
github.com/maslow123/pos/pkg/services/pos.go:236.2,237.30 2 1
github.com/maslow123/pos/pkg/services/pos.go:241.2,241.58 1 1
github.com/maslow123/pos/pkg/services/pos.go:225.17,227.3 1 1
github.com/maslow123/pos/pkg/services/pos.go:232.16,235.3 2 0
github.com/maslow123/pos/pkg/services/pos.go:237.30,239.3 1 1
github.com/maslow123/pos/pkg/services/response.go:5.99,10.2 1 1
github.com/maslow123/pos/pkg/services/response.go:12.99,17.2 1 1
github.com/maslow123/pos/pkg/services/response.go:19.104,24.2 1 1
github.com/maslow123/pos/pkg/services/response.go:26.105,31.2 1 1
github.com/maslow123/pos/pkg/services/response.go:33.105,38.2 1 1
